#-----------------------------------------------------------
# Vivado v2019.1 (64-bit)
# SW Build 2552052 on Fri May 24 14:49:42 MDT 2019
# IP Build 2548770 on Fri May 24 18:01:18 MDT 2019
# Start of session at: Tue Oct 21 21:53:03 2025
# Process ID: 9584
# Current directory: C:/Designs/193152/FPGA-zad1
# Command line: vivado.exe -gui_launcher_event rodinguilauncherevent8032 C:\Designs\193152\FPGA-zad1\zad_1.xpr
# Log file: C:/Designs/193152/FPGA-zad1/vivado.log
# Journal file: C:/Designs/193152/FPGA-zad1\vivado.jou
#-----------------------------------------------------------
start_gui
open_project C:/Designs/193152/FPGA-zad1/zad_1.xpr
INFO: [Project 1-313] Project file moved from 'C:/Designs/193152/zad_1' since last save.
Scanning sources...
Finished scanning sources
INFO: [IP_Flow 19-234] Refreshing IP repositories
INFO: [IP_Flow 19-1704] No user IP repositories specified
INFO: [IP_Flow 19-2313] Loaded Vivado IP repository 'C:/Xilinx/Vivado/2019.1/data/ip'.
update_compile_order -fileset sources_1
exit
INFO: [Common 17-206] Exiting Vivado at Tue Oct 21 21:55:26 2025...
